0 info it worked if it ends with ok
1 verbose cli [ '/usr/bin/nodejs', '/usr/bin/npm', 'install', 'bootstrap' ]
2 info using npm@1.3.10
3 info using node@v0.10.25
4 verbose readDependencies using package.json deps
5 verbose cache add [ 'bootstrap', null ]
6 verbose cache add name=undefined spec="bootstrap" args=["bootstrap",null]
7 verbose parsed url { protocol: null,
7 verbose parsed url   slashes: null,
7 verbose parsed url   auth: null,
7 verbose parsed url   host: null,
7 verbose parsed url   port: null,
7 verbose parsed url   hostname: null,
7 verbose parsed url   hash: null,
7 verbose parsed url   search: null,
7 verbose parsed url   query: null,
7 verbose parsed url   pathname: 'bootstrap',
7 verbose parsed url   path: 'bootstrap',
7 verbose parsed url   href: 'bootstrap' }
8 silly lockFile 3c71cc99-bootstrap bootstrap
9 verbose lock bootstrap /home/han/.npm/3c71cc99-bootstrap.lock
10 silly lockFile 3c71cc99-bootstrap bootstrap
11 silly lockFile 3c71cc99-bootstrap bootstrap
12 verbose addNamed [ 'bootstrap', '' ]
13 verbose addNamed [ null, '*' ]
14 silly lockFile 2571d98f-bootstrap bootstrap@
15 verbose lock bootstrap@ /home/han/.npm/2571d98f-bootstrap.lock
16 silly addNameRange { name: 'bootstrap', range: '*', hasData: false }
17 verbose url raw bootstrap
18 verbose url resolving [ 'https://registry.npmjs.org/', './bootstrap' ]
19 verbose url resolved https://registry.npmjs.org/bootstrap
20 info trying registry request attempt 1 at 16:13:09
21 http GET https://registry.npmjs.org/bootstrap
22 http 200 https://registry.npmjs.org/bootstrap
23 silly registry.get cb [ 200,
23 silly registry.get   { server: 'CouchDB/1.5.0 (Erlang OTP/R16B03)',
23 silly registry.get     etag: '"5K8L3AUR83IZHYZWB9BVVANDA"',
23 silly registry.get     'content-type': 'application/json',
23 silly registry.get     'cache-control': 'max-age=300',
23 silly registry.get     'content-length': '31624',
23 silly registry.get     'accept-ranges': 'bytes',
23 silly registry.get     date: 'Mon, 11 Jul 2016 23:13:10 GMT',
23 silly registry.get     via: '1.1 varnish',
23 silly registry.get     age: '0',
23 silly registry.get     connection: 'keep-alive',
23 silly registry.get     'x-served-by': 'cache-jfk1035-JFK',
23 silly registry.get     'x-cache': 'HIT',
23 silly registry.get     'x-cache-hits': '1',
23 silly registry.get     'x-timer': 'S1468278789.930980,VS0,VE99',
23 silly registry.get     vary: 'Accept-Encoding' } ]
24 silly addNameRange number 2 { name: 'bootstrap', range: '*', hasData: true }
25 silly addNameRange versions [ 'bootstrap',
25 silly addNameRange   [ '0.0.1',
25 silly addNameRange     '0.0.2',
25 silly addNameRange     '3.1.1',
25 silly addNameRange     '3.2.0',
25 silly addNameRange     '3.3.0',
25 silly addNameRange     '3.3.1',
25 silly addNameRange     '3.3.2',
25 silly addNameRange     '3.3.4',
25 silly addNameRange     '3.3.5',
25 silly addNameRange     '3.3.6',
25 silly addNameRange     '4.0.0-alpha.2' ] ]
26 verbose addNamed [ 'bootstrap', '3.3.6' ]
27 verbose addNamed [ '3.3.6', '3.3.6' ]
28 silly lockFile 6ebe7417-bootstrap-3-3-6 bootstrap@3.3.6
29 verbose lock bootstrap@3.3.6 /home/han/.npm/6ebe7417-bootstrap-3-3-6.lock
30 silly lockFile 6cade07b-rg-bootstrap-bootstrap-3-3-6-tgz https://registry.npmjs.org/bootstrap/-/bootstrap-3.3.6.tgz
31 verbose lock https://registry.npmjs.org/bootstrap/-/bootstrap-3.3.6.tgz /home/han/.npm/6cade07b-rg-bootstrap-bootstrap-3-3-6-tgz.lock
32 verbose addRemoteTarball [ 'https://registry.npmjs.org/bootstrap/-/bootstrap-3.3.6.tgz',
32 verbose addRemoteTarball   '8de8f749dc8a743f2ac5b510d988371e3daa6589' ]
33 info retry fetch attempt 1 at 16:13:10
34 verbose fetch to= /home/han/tmp/npm-6413-0PYC2dtL/1468278790432-0.6524793361313641/tmp.tgz
35 http GET https://registry.npmjs.org/bootstrap/-/bootstrap-3.3.6.tgz
36 http 200 https://registry.npmjs.org/bootstrap/-/bootstrap-3.3.6.tgz
37 verbose tar unpack /home/han/tmp/npm-6413-0PYC2dtL/1468278790432-0.6524793361313641/tmp.tgz
38 silly lockFile 0daea04f-90432-0-6524793361313641-package tar:///home/han/tmp/npm-6413-0PYC2dtL/1468278790432-0.6524793361313641/package
39 verbose lock tar:///home/han/tmp/npm-6413-0PYC2dtL/1468278790432-0.6524793361313641/package /home/han/.npm/0daea04f-90432-0-6524793361313641-package.lock
40 silly lockFile e04f65b8-90432-0-6524793361313641-tmp-tgz tar:///home/han/tmp/npm-6413-0PYC2dtL/1468278790432-0.6524793361313641/tmp.tgz
41 verbose lock tar:///home/han/tmp/npm-6413-0PYC2dtL/1468278790432-0.6524793361313641/tmp.tgz /home/han/.npm/e04f65b8-90432-0-6524793361313641-tmp-tgz.lock
42 silly gunzTarPerm modes [ '755', '644' ]
43 silly gunzTarPerm extractEntry package.json
44 silly gunzTarPerm extractEntry README.md
45 silly gunzTarPerm extractEntry LICENSE
46 silly gunzTarPerm extractEntry Gruntfile.js
47 silly gunzTarPerm extractEntry CHANGELOG.md
48 silly gunzTarPerm extractEntry dist/css/bootstrap-theme.css
49 silly gunzTarPerm extractEntry dist/css/bootstrap-theme.css.map
50 silly gunzTarPerm extractEntry dist/css/bootstrap-theme.min.css
51 silly gunzTarPerm extractEntry dist/css/bootstrap-theme.min.css.map
52 silly gunzTarPerm extractEntry dist/css/bootstrap.css
53 silly gunzTarPerm extractEntry dist/css/bootstrap.css.map
54 silly gunzTarPerm extractEntry dist/css/bootstrap.min.css
55 silly gunzTarPerm extractEntry dist/css/bootstrap.min.css.map
56 silly gunzTarPerm extractEntry dist/fonts/glyphicons-halflings-regular.eot
57 silly gunzTarPerm extractEntry dist/fonts/glyphicons-halflings-regular.svg
58 silly gunzTarPerm extractEntry dist/fonts/glyphicons-halflings-regular.ttf
59 silly gunzTarPerm extractEntry dist/fonts/glyphicons-halflings-regular.woff
60 silly gunzTarPerm extractEntry dist/fonts/glyphicons-halflings-regular.woff2
61 silly gunzTarPerm extractEntry dist/js/bootstrap.js
62 silly gunzTarPerm extractEntry dist/js/bootstrap.min.js
63 silly gunzTarPerm extractEntry dist/js/npm.js
64 silly gunzTarPerm extractEntry fonts/glyphicons-halflings-regular.eot
65 silly gunzTarPerm extractEntry fonts/glyphicons-halflings-regular.svg
66 silly gunzTarPerm extractEntry fonts/glyphicons-halflings-regular.ttf
67 silly gunzTarPerm extractEntry fonts/glyphicons-halflings-regular.woff
68 silly gunzTarPerm extractEntry fonts/glyphicons-halflings-regular.woff2
69 silly gunzTarPerm extractEntry grunt/bs-commonjs-generator.js
70 silly gunzTarPerm extractEntry grunt/bs-glyphicons-data-generator.js
71 silly gunzTarPerm extractEntry grunt/bs-lessdoc-parser.js
72 silly gunzTarPerm extractEntry grunt/bs-raw-files-generator.js
73 silly gunzTarPerm extractEntry grunt/.jshintrc
74 silly gunzTarPerm extractEntry grunt/configBridge.json
75 silly gunzTarPerm extractEntry grunt/sauce_browsers.yml
76 silly gunzTarPerm extractEntry js/affix.js
77 silly gunzTarPerm extractEntry js/button.js
78 silly gunzTarPerm extractEntry js/carousel.js
79 silly gunzTarPerm extractEntry js/collapse.js
80 silly gunzTarPerm extractEntry js/dropdown.js
81 silly gunzTarPerm extractEntry js/alert.js
82 silly gunzTarPerm extractEntry js/popover.js
83 silly gunzTarPerm extractEntry js/scrollspy.js
84 silly gunzTarPerm extractEntry js/tab.js
85 silly gunzTarPerm extractEntry js/tooltip.js
86 silly gunzTarPerm extractEntry js/transition.js
87 silly gunzTarPerm extractEntry js/modal.js
88 silly gunzTarPerm extractEntry less/mixins.less
89 silly gunzTarPerm extractEntry less/alerts.less
90 silly gunzTarPerm extractEntry less/badges.less
91 silly gunzTarPerm extractEntry less/bootstrap.less
92 silly gunzTarPerm extractEntry less/breadcrumbs.less
93 silly gunzTarPerm extractEntry less/button-groups.less
94 silly gunzTarPerm extractEntry less/buttons.less
95 silly gunzTarPerm extractEntry less/carousel.less
96 silly gunzTarPerm extractEntry less/close.less
97 silly gunzTarPerm extractEntry less/code.less
98 silly gunzTarPerm extractEntry less/component-animations.less
99 silly gunzTarPerm extractEntry less/dropdowns.less
100 silly gunzTarPerm extractEntry less/forms.less
101 silly gunzTarPerm extractEntry less/glyphicons.less
102 silly gunzTarPerm extractEntry less/grid.less
103 silly gunzTarPerm extractEntry less/input-groups.less
104 silly gunzTarPerm extractEntry less/jumbotron.less
105 silly gunzTarPerm extractEntry less/labels.less
106 silly gunzTarPerm extractEntry less/list-group.less
107 silly gunzTarPerm extractEntry less/media.less
108 silly gunzTarPerm extractEntry less/mixins/nav-vertical-align.less
109 silly gunzTarPerm extractEntry less/mixins/alerts.less
110 silly gunzTarPerm extractEntry less/mixins/border-radius.less
111 silly gunzTarPerm extractEntry less/mixins/buttons.less
112 silly gunzTarPerm extractEntry less/mixins/center-block.less
113 silly gunzTarPerm extractEntry less/mixins/clearfix.less
114 silly gunzTarPerm extractEntry less/mixins/forms.less
115 silly gunzTarPerm extractEntry less/mixins/gradients.less
116 silly gunzTarPerm extractEntry less/mixins/grid-framework.less
117 silly gunzTarPerm extractEntry less/mixins/grid.less
118 silly gunzTarPerm extractEntry less/mixins/hide-text.less
119 silly gunzTarPerm extractEntry less/mixins/image.less
120 silly gunzTarPerm extractEntry less/mixins/labels.less
121 silly gunzTarPerm extractEntry less/mixins/list-group.less
122 silly gunzTarPerm extractEntry less/mixins/nav-divider.less
123 silly gunzTarPerm extractEntry less/mixins/background-variant.less
124 silly gunzTarPerm extractEntry less/mixins/opacity.less
125 silly gunzTarPerm extractEntry less/mixins/pagination.less
126 silly gunzTarPerm extractEntry less/mixins/panels.less
127 silly gunzTarPerm extractEntry less/mixins/progress-bar.less
128 silly gunzTarPerm extractEntry less/mixins/reset-filter.less
129 silly gunzTarPerm extractEntry less/mixins/reset-text.less
130 silly gunzTarPerm extractEntry less/mixins/resize.less
131 silly gunzTarPerm extractEntry less/mixins/responsive-visibility.less
132 silly gunzTarPerm extractEntry less/mixins/size.less
133 silly gunzTarPerm extractEntry less/mixins/tab-focus.less
134 silly gunzTarPerm extractEntry less/mixins/table-row.less
135 silly gunzTarPerm extractEntry less/mixins/text-emphasis.less
136 silly gunzTarPerm extractEntry less/mixins/text-overflow.less
137 silly gunzTarPerm extractEntry less/mixins/vendor-prefixes.less
138 silly gunzTarPerm extractEntry less/modals.less
139 silly gunzTarPerm extractEntry less/navbar.less
140 silly gunzTarPerm extractEntry less/navs.less
141 silly gunzTarPerm extractEntry less/normalize.less
142 silly gunzTarPerm extractEntry less/pager.less
143 silly gunzTarPerm extractEntry less/pagination.less
144 silly gunzTarPerm extractEntry less/panels.less
145 silly gunzTarPerm extractEntry less/popovers.less
146 silly gunzTarPerm extractEntry less/print.less
147 silly gunzTarPerm extractEntry less/progress-bars.less
148 silly gunzTarPerm extractEntry less/responsive-embed.less
149 silly gunzTarPerm extractEntry less/responsive-utilities.less
150 silly gunzTarPerm extractEntry less/scaffolding.less
151 silly gunzTarPerm extractEntry less/tables.less
152 silly gunzTarPerm extractEntry less/theme.less
153 silly gunzTarPerm extractEntry less/thumbnails.less
154 silly gunzTarPerm extractEntry less/tooltip.less
155 silly gunzTarPerm extractEntry less/type.less
156 silly gunzTarPerm extractEntry less/utilities.less
157 silly gunzTarPerm extractEntry less/variables.less
158 silly gunzTarPerm extractEntry less/wells.less
159 silly lockFile 0daea04f-90432-0-6524793361313641-package tar:///home/han/tmp/npm-6413-0PYC2dtL/1468278790432-0.6524793361313641/package
160 silly lockFile 0daea04f-90432-0-6524793361313641-package tar:///home/han/tmp/npm-6413-0PYC2dtL/1468278790432-0.6524793361313641/package
161 silly lockFile e04f65b8-90432-0-6524793361313641-tmp-tgz tar:///home/han/tmp/npm-6413-0PYC2dtL/1468278790432-0.6524793361313641/tmp.tgz
162 silly lockFile e04f65b8-90432-0-6524793361313641-tmp-tgz tar:///home/han/tmp/npm-6413-0PYC2dtL/1468278790432-0.6524793361313641/tmp.tgz
163 verbose tar pack [ '/home/han/.npm/bootstrap/3.3.6/package.tgz',
163 verbose tar pack   '/home/han/tmp/npm-6413-0PYC2dtL/1468278790432-0.6524793361313641/package' ]
164 verbose tarball /home/han/.npm/bootstrap/3.3.6/package.tgz
165 verbose folder /home/han/tmp/npm-6413-0PYC2dtL/1468278790432-0.6524793361313641/package
166 silly lockFile 0daea04f-90432-0-6524793361313641-package tar:///home/han/tmp/npm-6413-0PYC2dtL/1468278790432-0.6524793361313641/package
167 verbose lock tar:///home/han/tmp/npm-6413-0PYC2dtL/1468278790432-0.6524793361313641/package /home/han/.npm/0daea04f-90432-0-6524793361313641-package.lock
168 silly lockFile 2d38811d--npm-bootstrap-3-3-6-package-tgz tar:///home/han/.npm/bootstrap/3.3.6/package.tgz
169 verbose lock tar:///home/han/.npm/bootstrap/3.3.6/package.tgz /home/han/.npm/2d38811d--npm-bootstrap-3-3-6-package-tgz.lock
170 silly lockFile 0daea04f-90432-0-6524793361313641-package tar:///home/han/tmp/npm-6413-0PYC2dtL/1468278790432-0.6524793361313641/package
171 silly lockFile 0daea04f-90432-0-6524793361313641-package tar:///home/han/tmp/npm-6413-0PYC2dtL/1468278790432-0.6524793361313641/package
172 silly lockFile 2d38811d--npm-bootstrap-3-3-6-package-tgz tar:///home/han/.npm/bootstrap/3.3.6/package.tgz
173 silly lockFile 2d38811d--npm-bootstrap-3-3-6-package-tgz tar:///home/han/.npm/bootstrap/3.3.6/package.tgz
174 silly lockFile 743fff68--han-npm-bootstrap-3-3-6-package /home/han/.npm/bootstrap/3.3.6/package
175 verbose lock /home/han/.npm/bootstrap/3.3.6/package /home/han/.npm/743fff68--han-npm-bootstrap-3-3-6-package.lock
176 silly lockFile 743fff68--han-npm-bootstrap-3-3-6-package /home/han/.npm/bootstrap/3.3.6/package
177 silly lockFile 743fff68--han-npm-bootstrap-3-3-6-package /home/han/.npm/bootstrap/3.3.6/package
178 verbose tar unpack /home/han/.npm/bootstrap/3.3.6/package.tgz
179 silly lockFile 73986195--han-npm-bootstrap-3-3-6-package tar:///home/han/.npm/bootstrap/3.3.6/package
180 verbose lock tar:///home/han/.npm/bootstrap/3.3.6/package /home/han/.npm/73986195--han-npm-bootstrap-3-3-6-package.lock
181 silly lockFile 2d38811d--npm-bootstrap-3-3-6-package-tgz tar:///home/han/.npm/bootstrap/3.3.6/package.tgz
182 verbose lock tar:///home/han/.npm/bootstrap/3.3.6/package.tgz /home/han/.npm/2d38811d--npm-bootstrap-3-3-6-package-tgz.lock
183 silly gunzTarPerm modes [ '755', '644' ]
184 silly gunzTarPerm extractEntry package.json
185 silly gunzTarPerm extractEntry README.md
186 silly gunzTarPerm extractEntry LICENSE
187 silly gunzTarPerm extractEntry Gruntfile.js
188 silly gunzTarPerm extractEntry dist/css/bootstrap-theme.css
189 silly gunzTarPerm extractEntry dist/css/bootstrap-theme.css.map
190 silly gunzTarPerm extractEntry dist/css/bootstrap-theme.min.css
191 silly gunzTarPerm extractEntry dist/css/bootstrap-theme.min.css.map
192 silly gunzTarPerm extractEntry dist/css/bootstrap.css
193 silly gunzTarPerm extractEntry dist/css/bootstrap.css.map
194 silly gunzTarPerm extractEntry dist/css/bootstrap.min.css
195 silly gunzTarPerm extractEntry dist/css/bootstrap.min.css.map
196 silly gunzTarPerm extractEntry dist/fonts/glyphicons-halflings-regular.eot
197 silly gunzTarPerm extractEntry dist/fonts/glyphicons-halflings-regular.svg
198 silly gunzTarPerm extractEntry dist/fonts/glyphicons-halflings-regular.ttf
199 silly gunzTarPerm extractEntry dist/fonts/glyphicons-halflings-regular.woff
200 silly gunzTarPerm extractEntry dist/fonts/glyphicons-halflings-regular.woff2
201 silly gunzTarPerm extractEntry dist/js/bootstrap.js
202 silly gunzTarPerm extractEntry dist/js/bootstrap.min.js
203 silly gunzTarPerm extractEntry dist/js/npm.js
204 silly gunzTarPerm extractEntry fonts/glyphicons-halflings-regular.eot
205 silly gunzTarPerm extractEntry fonts/glyphicons-halflings-regular.svg
206 silly gunzTarPerm extractEntry fonts/glyphicons-halflings-regular.ttf
207 silly gunzTarPerm extractEntry fonts/glyphicons-halflings-regular.woff
208 silly gunzTarPerm extractEntry fonts/glyphicons-halflings-regular.woff2
209 silly gunzTarPerm extractEntry grunt/bs-commonjs-generator.js
210 silly gunzTarPerm extractEntry grunt/bs-glyphicons-data-generator.js
211 silly gunzTarPerm extractEntry grunt/bs-lessdoc-parser.js
212 silly gunzTarPerm extractEntry grunt/bs-raw-files-generator.js
213 silly gunzTarPerm extractEntry grunt/.jshintrc
214 silly gunzTarPerm extractEntry grunt/configBridge.json
215 silly gunzTarPerm extractEntry grunt/sauce_browsers.yml
216 silly gunzTarPerm extractEntry js/affix.js
217 silly gunzTarPerm extractEntry js/button.js
218 silly gunzTarPerm extractEntry js/carousel.js
219 silly gunzTarPerm extractEntry js/collapse.js
220 silly gunzTarPerm extractEntry js/dropdown.js
221 silly gunzTarPerm extractEntry js/alert.js
222 silly gunzTarPerm extractEntry js/popover.js
223 silly gunzTarPerm extractEntry js/scrollspy.js
224 silly gunzTarPerm extractEntry js/tab.js
225 silly gunzTarPerm extractEntry js/tooltip.js
226 silly gunzTarPerm extractEntry js/transition.js
227 silly gunzTarPerm extractEntry js/modal.js
228 silly gunzTarPerm extractEntry less/modals.less
229 silly gunzTarPerm extractEntry less/alerts.less
230 silly gunzTarPerm extractEntry less/bootstrap.less
231 silly gunzTarPerm extractEntry less/breadcrumbs.less
232 silly gunzTarPerm extractEntry less/button-groups.less
233 silly gunzTarPerm extractEntry less/buttons.less
234 silly gunzTarPerm extractEntry less/carousel.less
235 silly gunzTarPerm extractEntry less/close.less
236 silly gunzTarPerm extractEntry less/code.less
237 silly gunzTarPerm extractEntry less/component-animations.less
238 silly gunzTarPerm extractEntry less/dropdowns.less
239 silly gunzTarPerm extractEntry less/forms.less
240 silly gunzTarPerm extractEntry less/glyphicons.less
241 silly gunzTarPerm extractEntry less/grid.less
242 silly gunzTarPerm extractEntry less/input-groups.less
243 silly gunzTarPerm extractEntry less/jumbotron.less
244 silly gunzTarPerm extractEntry less/labels.less
245 silly gunzTarPerm extractEntry less/list-group.less
246 silly gunzTarPerm extractEntry less/media.less
247 silly gunzTarPerm extractEntry less/mixins/nav-vertical-align.less
248 silly gunzTarPerm extractEntry less/mixins/alerts.less
249 silly gunzTarPerm extractEntry less/mixins/border-radius.less
250 silly gunzTarPerm extractEntry less/mixins/buttons.less
251 silly gunzTarPerm extractEntry less/mixins/center-block.less
252 silly gunzTarPerm extractEntry less/mixins/clearfix.less
253 silly gunzTarPerm extractEntry less/mixins/forms.less
254 silly gunzTarPerm extractEntry less/mixins/gradients.less
255 silly gunzTarPerm extractEntry less/mixins/grid-framework.less
256 silly gunzTarPerm extractEntry less/mixins/grid.less
257 silly gunzTarPerm extractEntry less/mixins/hide-text.less
258 silly gunzTarPerm extractEntry less/mixins/image.less
259 silly gunzTarPerm extractEntry less/mixins/labels.less
260 silly gunzTarPerm extractEntry less/mixins/list-group.less
261 silly gunzTarPerm extractEntry less/mixins/nav-divider.less
262 silly gunzTarPerm extractEntry less/mixins/background-variant.less
263 silly gunzTarPerm extractEntry less/mixins/opacity.less
264 silly gunzTarPerm extractEntry less/mixins/pagination.less
265 silly gunzTarPerm extractEntry less/mixins/panels.less
266 silly gunzTarPerm extractEntry less/mixins/progress-bar.less
267 silly gunzTarPerm extractEntry less/mixins/reset-filter.less
268 silly gunzTarPerm extractEntry less/mixins/reset-text.less
269 silly gunzTarPerm extractEntry less/mixins/resize.less
270 silly gunzTarPerm extractEntry less/mixins/responsive-visibility.less
271 silly gunzTarPerm extractEntry less/mixins/size.less
272 silly gunzTarPerm extractEntry less/mixins/tab-focus.less
273 silly gunzTarPerm extractEntry less/mixins/table-row.less
274 silly gunzTarPerm extractEntry less/mixins/text-emphasis.less
275 silly gunzTarPerm extractEntry less/mixins/text-overflow.less
276 silly gunzTarPerm extractEntry less/mixins/vendor-prefixes.less
277 silly gunzTarPerm extractEntry less/mixins.less
278 silly gunzTarPerm extractEntry less/badges.less
279 silly gunzTarPerm extractEntry less/navbar.less
280 silly gunzTarPerm extractEntry less/navs.less
281 silly gunzTarPerm extractEntry less/normalize.less
282 silly gunzTarPerm extractEntry less/pager.less
283 silly gunzTarPerm extractEntry less/pagination.less
284 silly gunzTarPerm extractEntry less/panels.less
285 silly gunzTarPerm extractEntry less/popovers.less
286 silly gunzTarPerm extractEntry less/print.less
287 silly gunzTarPerm extractEntry less/progress-bars.less
288 silly gunzTarPerm extractEntry less/responsive-embed.less
289 silly gunzTarPerm extractEntry less/responsive-utilities.less
290 silly gunzTarPerm extractEntry less/scaffolding.less
291 silly gunzTarPerm extractEntry less/tables.less
292 silly gunzTarPerm extractEntry less/theme.less
293 silly gunzTarPerm extractEntry less/thumbnails.less
294 silly gunzTarPerm extractEntry less/tooltip.less
295 silly gunzTarPerm extractEntry less/type.less
296 silly gunzTarPerm extractEntry less/utilities.less
297 silly gunzTarPerm extractEntry less/variables.less
298 silly gunzTarPerm extractEntry less/wells.less
299 silly lockFile 73986195--han-npm-bootstrap-3-3-6-package tar:///home/han/.npm/bootstrap/3.3.6/package
300 silly lockFile 73986195--han-npm-bootstrap-3-3-6-package tar:///home/han/.npm/bootstrap/3.3.6/package
301 silly lockFile 2d38811d--npm-bootstrap-3-3-6-package-tgz tar:///home/han/.npm/bootstrap/3.3.6/package.tgz
302 silly lockFile 2d38811d--npm-bootstrap-3-3-6-package-tgz tar:///home/han/.npm/bootstrap/3.3.6/package.tgz
303 verbose chmod /home/han/.npm/bootstrap/3.3.6/package.tgz 644
304 verbose chown /home/han/.npm/bootstrap/3.3.6/package.tgz [ 1000, 1000 ]
305 silly lockFile 6cade07b-rg-bootstrap-bootstrap-3-3-6-tgz https://registry.npmjs.org/bootstrap/-/bootstrap-3.3.6.tgz
306 silly lockFile 6cade07b-rg-bootstrap-bootstrap-3-3-6-tgz https://registry.npmjs.org/bootstrap/-/bootstrap-3.3.6.tgz
307 silly lockFile 6ebe7417-bootstrap-3-3-6 bootstrap@3.3.6
308 silly lockFile 6ebe7417-bootstrap-3-3-6 bootstrap@3.3.6
309 silly lockFile 2571d98f-bootstrap bootstrap@
310 silly lockFile 2571d98f-bootstrap bootstrap@
311 silly resolved [ { name: 'bootstrap',
311 silly resolved     description: 'The most popular front-end framework for developing responsive, mobile first projects on the web.',
311 silly resolved     version: '3.3.6',
311 silly resolved     keywords:
311 silly resolved      [ 'css',
311 silly resolved        'less',
311 silly resolved        'mobile-first',
311 silly resolved        'responsive',
311 silly resolved        'front-end',
311 silly resolved        'framework',
311 silly resolved        'web' ],
311 silly resolved     homepage: 'http://getbootstrap.com',
311 silly resolved     author: { name: 'Twitter, Inc.' },
311 silly resolved     scripts: { test: 'grunt test' },
311 silly resolved     style: 'dist/css/bootstrap.css',
311 silly resolved     less: 'less/bootstrap.less',
311 silly resolved     main: './dist/js/npm',
311 silly resolved     repository: { type: 'git', url: 'https://github.com/twbs/bootstrap.git' },
311 silly resolved     bugs: { url: 'https://github.com/twbs/bootstrap/issues' },
311 silly resolved     license: 'MIT',
311 silly resolved     devDependencies:
311 silly resolved      { btoa: '~1.1.2',
311 silly resolved        glob: '~6.0.1',
311 silly resolved        grunt: '~0.4.5',
311 silly resolved        'grunt-autoprefixer': '~3.0.3',
311 silly resolved        'grunt-contrib-clean': '~0.6.0',
311 silly resolved        'grunt-contrib-compress': '~0.14.0',
311 silly resolved        'grunt-contrib-concat': '~0.5.1',
311 silly resolved        'grunt-contrib-connect': '~0.11.2',
311 silly resolved        'grunt-contrib-copy': '~0.8.0',
311 silly resolved        'grunt-contrib-csslint': '~0.5.0',
311 silly resolved        'grunt-contrib-cssmin': '~0.14.0',
311 silly resolved        'grunt-contrib-htmlmin': '~0.6.0',
311 silly resolved        'grunt-contrib-jade': '~0.15.0',
311 silly resolved        'grunt-contrib-jshint': '~0.11.2',
311 silly resolved        'grunt-contrib-less': '~1.1.0',
311 silly resolved        'grunt-contrib-qunit': '~0.7.0',
311 silly resolved        'grunt-contrib-uglify': '~0.9.2',
311 silly resolved        'grunt-contrib-watch': '~0.6.1',
311 silly resolved        'grunt-csscomb': '~3.1.0',
311 silly resolved        'grunt-exec': '~0.4.6',
311 silly resolved        'grunt-html': '~5.0.1',
311 silly resolved        'grunt-jekyll': '~0.4.2',
311 silly resolved        'grunt-jscs': '~2.3.0',
311 silly resolved        'grunt-saucelabs': '~8.6.1',
311 silly resolved        'grunt-sed': 'twbs/grunt-sed#v0.2.0',
311 silly resolved        'load-grunt-tasks': '~3.3.0',
311 silly resolved        'markdown-it': '^5.0.0',
311 silly resolved        'npm-shrinkwrap': '^200.4.0',
311 silly resolved        'time-grunt': '^1.2.1' },
311 silly resolved     engines: { node: '>=0.10.1' },
311 silly resolved     files:
311 silly resolved      [ 'dist',
311 silly resolved        'fonts',
311 silly resolved        'grunt',
311 silly resolved        'js/*.js',
311 silly resolved        'less/**/*.less',
311 silly resolved        'Gruntfile.js',
311 silly resolved        'LICENSE' ],
311 silly resolved     jspm: { main: 'js/bootstrap', shim: [Object], files: [Object] },
311 silly resolved     readme: '# [Bootstrap](http://getbootstrap.com)\n\n[![Slack](https://bootstrap-slack.herokuapp.com/badge.svg)](https://bootstrap-slack.herokuapp.com)\n![Bower version](https://img.shields.io/bower/v/bootstrap.svg)\n[![npm version](https://img.shields.io/npm/v/bootstrap.svg)](https://www.npmjs.com/package/bootstrap)\n[![Build Status](https://img.shields.io/travis/twbs/bootstrap/master.svg)](https://travis-ci.org/twbs/bootstrap)\n[![devDependency Status](https://img.shields.io/david/dev/twbs/bootstrap.svg)](https://david-dm.org/twbs/bootstrap#info=devDependencies)\n[![NuGet](https://img.shields.io/nuget/v/bootstrap.svg)](https://www.nuget.org/packages/Bootstrap)\n[![Selenium Test Status](https://saucelabs.com/browser-matrix/bootstrap.svg)](https://saucelabs.com/u/bootstrap)\n\nBootstrap is a sleek, intuitive, and powerful front-end framework for faster and easier web development, created by [Mark Otto](https://twitter.com/mdo) and [Jacob Thornton](https://twitter.com/fat), and maintained by the [core team](https://github.com/orgs/twbs/people) with the massive support and involvement of the community.\n\nTo get started, check out <http://getbootstrap.com>!\n\n\n## Table of contents\n\n* [Quick start](#quick-start)\n* [Bugs and feature requests](#bugs-and-feature-requests)\n* [Documentation](#documentation)\n* [Contributing](#contributing)\n* [Community](#community)\n* [Versioning](#versioning)\n* [Creators](#creators)\n* [Copyright and license](#copyright-and-license)\n\n\n## Quick start\n\nSeveral quick start options are available:\n\n* [Download the latest release](https://github.com/twbs/bootstrap/archive/v3.3.6.zip).\n* Clone the repo: `git clone https://github.com/twbs/bootstrap.git`.\n* Install with [Bower](http://bower.io): `bower install bootstrap`.\n* Install with [npm](https://www.npmjs.com): `npm install bootstrap`.\n* Install with [Meteor](https://www.meteor.com): `meteor add twbs:bootstrap`.\n* Install with [Composer](https://getcomposer.org): `composer require twbs/bootstrap`.\n\nRead the [Getting started page](http://getbootstrap.com/getting-started/) for information on the framework contents, templates and examples, and more.\n\n### What\'s included\n\nWithin the download you\'ll find the following directories and files, logically grouping common assets and providing both compiled and minified variations. You\'ll see something like this:\n\n```\nbootstrap/\n├── css/\n│   ├── bootstrap.css\n│   ├── bootstrap.css.map\n│   ├── bootstrap.min.css\n│   ├── bootstrap.min.css.map\n│   ├── bootstrap-theme.css\n│   ├── bootstrap-theme.css.map\n│   ├── bootstrap-theme.min.css\n│   └── bootstrap-theme.min.css.map\n├── js/\n│   ├── bootstrap.js\n│   └── bootstrap.min.js\n└── fonts/\n    ├── glyphicons-halflings-regular.eot\n    ├── glyphicons-halflings-regular.svg\n    ├── glyphicons-halflings-regular.ttf\n    ├── glyphicons-halflings-regular.woff\n    └── glyphicons-halflings-regular.woff2\n```\n\nWe provide compiled CSS and JS (`bootstrap.*`), as well as compiled and minified CSS and JS (`bootstrap.min.*`). CSS [source maps](https://developer.chrome.com/devtools/docs/css-preprocessors) (`bootstrap.*.map`) are available for use with certain browsers\' developer tools. Fonts from Glyphicons are included, as is the optional Bootstrap theme.\n\n\n## Bugs and feature requests\n\nHave a bug or a feature request? Please first read the [issue guidelines](https://github.com/twbs/bootstrap/blob/master/CONTRIBUTING.md#using-the-issue-tracker) and search for existing and closed issues. If your problem or idea is not addressed yet, [please open a new issue](https://github.com/twbs/bootstrap/issues/new).\n\n\n## Documentation\n\nBootstrap\'s documentation, included in this repo in the root directory, is built with [Jekyll](http://jekyllrb.com) and publicly hosted on GitHub Pages at <http://getbootstrap.com>. The docs may also be run locally.\n\n### Running documentation locally\n\n1. If necessary, [install Jekyll](http://jekyllrb.com/docs/installation) (requires v3.0.x).\n   **Note for Windows users:** Read [this unofficial guide](http://jekyll-windows.juthilo.com/) to get Jekyll up and running without problems.\n2. Install the Ruby-based syntax highlighter, [Rouge](https://github.com/jneen/rouge), with `gem install rouge`.\n3. From the root `/bootstrap` directory, run `jekyll serve` in the command line.\n4. Open `http://localhost:9001` in your browser, and voilà.\n\nLearn more about using Jekyll by reading its [documentation](http://jekyllrb.com/docs/home/).\n\n### Documentation for previous releases\n\nDocumentation for v2.3.2 has been made available for the time being at <http://getbootstrap.com/2.3.2/> while folks transition to Bootstrap 3.\n\n[Previous releases](https://github.com/twbs/bootstrap/releases) and their documentation are also available for download.\n\n\n## Contributing\n\nPlease read through our [contributing guidelines](https://github.com/twbs/bootstrap/blob/master/CONTRIBUTING.md). Included are directions for opening issues, coding standards, and notes on development.\n\nMoreover, if your pull request contains JavaScript patches or features, you must include [relevant unit tests](https://github.com/twbs/bootstrap/tree/master/js/tests). All HTML and CSS should conform to the [Code Guide](https://github.com/mdo/code-guide), maintained by [Mark Otto](https://github.com/mdo).\n\nEditor preferences are available in the [editor config](https://github.com/twbs/bootstrap/blob/master/.editorconfig) for easy use in common text editors. Read more and download plugins at <http://editorconfig.org>.\n\n\n## Community\n\nGet updates on Bootstrap\'s development and chat with the project maintainers and community members.\n\n* Follow [@getbootstrap on Twitter](https://twitter.com/getbootstrap).\n* Read and subscribe to [The Official Bootstrap Blog](http://blog.getbootstrap.com).\n* Join [the official Slack room](https://bootstrap-slack.herokuapp.com).\n* Chat with fellow Bootstrappers in IRC. On the `irc.freenode.net` server, in the `##bootstrap` channel.\n* Implementation help may be found at Stack Overflow (tagged [`twitter-bootstrap-3`](https://stackoverflow.com/questions/tagged/twitter-bootstrap-3)).\n* Developers should use the keyword `bootstrap` on packages which modify or add to the functionality of Bootstrap when distributing through [npm](https://www.npmjs.com/browse/keyword/bootstrap) or similar delivery mechanisms for maximum discoverability.\n\n\n## Versioning\n\nFor transparency into our release cycle and in striving to maintain backward compatibility, Bootstrap is maintained under [the Semantic Versioning guidelines](http://semver.org/). Sometimes we screw up, but we\'ll adhere to those rules whenever possible.\n\nSee [the Releases section of our GitHub project](https://github.com/twbs/bootstrap/releases) for changelogs for each release version of Bootstrap. Release announcement posts on [the official Bootstrap blog](http://blog.getbootstrap.com) contain summaries of the most noteworthy changes made in each release.\n\n\n## Creators\n\n**Mark Otto**\n\n* <https://twitter.com/mdo>\n* <https://github.com/mdo>\n\n**Jacob Thornton**\n\n* <https://twitter.com/fat>\n* <https://github.com/fat>\n\n\n## Copyright and license\n\nCode and documentation copyright 2011-2015 Twitter, Inc. Code released under [the MIT license](https://github.com/twbs/bootstrap/blob/master/LICENSE). Docs released under [Creative Commons](https://github.com/twbs/bootstrap/blob/master/docs/LICENSE).\n',
311 silly resolved     readmeFilename: 'README.md',
311 silly resolved     _id: 'bootstrap@3.3.6',
311 silly resolved     dist: { shasum: 'b23a67d09a092e308566dc66465ab6251efa6b7c' },
311 silly resolved     _from: 'bootstrap@',
311 silly resolved     _resolved: 'https://registry.npmjs.org/bootstrap/-/bootstrap-3.3.6.tgz' } ]
312 info install bootstrap@3.3.6 into /home/han/workspace/meteor/BitTiger-AppStore/appstore
313 info installOne bootstrap@3.3.6
314 info /home/han/workspace/meteor/BitTiger-AppStore/appstore/node_modules/bootstrap unbuild
315 verbose tar unpack /home/han/.npm/bootstrap/3.3.6/package.tgz
316 silly lockFile 92b2c736--appstore-node-modules-bootstrap tar:///home/han/workspace/meteor/BitTiger-AppStore/appstore/node_modules/bootstrap
317 verbose lock tar:///home/han/workspace/meteor/BitTiger-AppStore/appstore/node_modules/bootstrap /home/han/.npm/92b2c736--appstore-node-modules-bootstrap.lock
318 silly lockFile 2d38811d--npm-bootstrap-3-3-6-package-tgz tar:///home/han/.npm/bootstrap/3.3.6/package.tgz
319 verbose lock tar:///home/han/.npm/bootstrap/3.3.6/package.tgz /home/han/.npm/2d38811d--npm-bootstrap-3-3-6-package-tgz.lock
320 silly gunzTarPerm modes [ '755', '644' ]
321 silly gunzTarPerm extractEntry package.json
322 silly gunzTarPerm extractEntry README.md
323 silly gunzTarPerm extractEntry LICENSE
324 silly gunzTarPerm extractEntry Gruntfile.js
325 silly gunzTarPerm extractEntry dist/css/bootstrap-theme.css
326 silly gunzTarPerm extractEntry dist/css/bootstrap-theme.css.map
327 silly gunzTarPerm extractEntry dist/css/bootstrap-theme.min.css
328 silly gunzTarPerm extractEntry dist/css/bootstrap-theme.min.css.map
329 silly gunzTarPerm extractEntry dist/css/bootstrap.css
330 silly gunzTarPerm extractEntry dist/css/bootstrap.css.map
331 silly gunzTarPerm extractEntry dist/css/bootstrap.min.css
332 silly gunzTarPerm extractEntry dist/css/bootstrap.min.css.map
333 silly gunzTarPerm extractEntry dist/fonts/glyphicons-halflings-regular.eot
334 silly gunzTarPerm extractEntry dist/fonts/glyphicons-halflings-regular.svg
335 silly gunzTarPerm extractEntry dist/fonts/glyphicons-halflings-regular.ttf
336 silly gunzTarPerm extractEntry dist/fonts/glyphicons-halflings-regular.woff
337 silly gunzTarPerm extractEntry dist/fonts/glyphicons-halflings-regular.woff2
338 silly gunzTarPerm extractEntry dist/js/bootstrap.js
339 silly gunzTarPerm extractEntry dist/js/bootstrap.min.js
340 silly gunzTarPerm extractEntry dist/js/npm.js
341 silly gunzTarPerm extractEntry fonts/glyphicons-halflings-regular.eot
342 silly gunzTarPerm extractEntry fonts/glyphicons-halflings-regular.svg
343 silly gunzTarPerm extractEntry fonts/glyphicons-halflings-regular.ttf
344 silly gunzTarPerm extractEntry fonts/glyphicons-halflings-regular.woff
345 silly gunzTarPerm extractEntry fonts/glyphicons-halflings-regular.woff2
346 silly gunzTarPerm extractEntry grunt/bs-commonjs-generator.js
347 silly gunzTarPerm extractEntry grunt/bs-glyphicons-data-generator.js
348 silly gunzTarPerm extractEntry grunt/bs-lessdoc-parser.js
349 silly gunzTarPerm extractEntry grunt/bs-raw-files-generator.js
350 silly gunzTarPerm extractEntry grunt/.jshintrc
351 silly gunzTarPerm extractEntry grunt/configBridge.json
352 silly gunzTarPerm extractEntry grunt/sauce_browsers.yml
353 silly gunzTarPerm extractEntry js/affix.js
354 silly gunzTarPerm extractEntry js/button.js
355 silly gunzTarPerm extractEntry js/carousel.js
356 silly gunzTarPerm extractEntry js/collapse.js
357 silly gunzTarPerm extractEntry js/dropdown.js
358 silly gunzTarPerm extractEntry js/alert.js
359 silly gunzTarPerm extractEntry js/popover.js
360 silly gunzTarPerm extractEntry js/scrollspy.js
361 silly gunzTarPerm extractEntry js/tab.js
362 silly gunzTarPerm extractEntry js/tooltip.js
363 silly gunzTarPerm extractEntry js/transition.js
364 silly gunzTarPerm extractEntry js/modal.js
365 silly gunzTarPerm extractEntry less/modals.less
366 silly gunzTarPerm extractEntry less/alerts.less
367 silly gunzTarPerm extractEntry less/bootstrap.less
368 silly gunzTarPerm extractEntry less/breadcrumbs.less
369 silly gunzTarPerm extractEntry less/button-groups.less
370 silly gunzTarPerm extractEntry less/buttons.less
371 silly gunzTarPerm extractEntry less/carousel.less
372 silly gunzTarPerm extractEntry less/close.less
373 silly gunzTarPerm extractEntry less/code.less
374 silly gunzTarPerm extractEntry less/component-animations.less
375 silly gunzTarPerm extractEntry less/dropdowns.less
376 silly gunzTarPerm extractEntry less/forms.less
377 silly gunzTarPerm extractEntry less/glyphicons.less
378 silly gunzTarPerm extractEntry less/grid.less
379 silly gunzTarPerm extractEntry less/input-groups.less
380 silly gunzTarPerm extractEntry less/jumbotron.less
381 silly gunzTarPerm extractEntry less/labels.less
382 silly gunzTarPerm extractEntry less/list-group.less
383 silly gunzTarPerm extractEntry less/media.less
384 silly gunzTarPerm extractEntry less/mixins/nav-vertical-align.less
385 silly gunzTarPerm extractEntry less/mixins/alerts.less
386 silly gunzTarPerm extractEntry less/mixins/border-radius.less
387 silly gunzTarPerm extractEntry less/mixins/buttons.less
388 silly gunzTarPerm extractEntry less/mixins/center-block.less
389 silly gunzTarPerm extractEntry less/mixins/clearfix.less
390 silly gunzTarPerm extractEntry less/mixins/forms.less
391 silly gunzTarPerm extractEntry less/mixins/gradients.less
392 silly gunzTarPerm extractEntry less/mixins/grid-framework.less
393 silly gunzTarPerm extractEntry less/mixins/grid.less
394 silly gunzTarPerm extractEntry less/mixins/hide-text.less
395 silly gunzTarPerm extractEntry less/mixins/image.less
396 silly gunzTarPerm extractEntry less/mixins/labels.less
397 silly gunzTarPerm extractEntry less/mixins/list-group.less
398 silly gunzTarPerm extractEntry less/mixins/nav-divider.less
399 silly gunzTarPerm extractEntry less/mixins/background-variant.less
400 silly gunzTarPerm extractEntry less/mixins/opacity.less
401 silly gunzTarPerm extractEntry less/mixins/pagination.less
402 silly gunzTarPerm extractEntry less/mixins/panels.less
403 silly gunzTarPerm extractEntry less/mixins/progress-bar.less
404 silly gunzTarPerm extractEntry less/mixins/reset-filter.less
405 silly gunzTarPerm extractEntry less/mixins/reset-text.less
406 silly gunzTarPerm extractEntry less/mixins/resize.less
407 silly gunzTarPerm extractEntry less/mixins/responsive-visibility.less
408 silly gunzTarPerm extractEntry less/mixins/size.less
409 silly gunzTarPerm extractEntry less/mixins/tab-focus.less
410 silly gunzTarPerm extractEntry less/mixins/table-row.less
411 silly gunzTarPerm extractEntry less/mixins/text-emphasis.less
412 silly gunzTarPerm extractEntry less/mixins/text-overflow.less
413 silly gunzTarPerm extractEntry less/mixins/vendor-prefixes.less
414 silly gunzTarPerm extractEntry less/mixins.less
415 silly gunzTarPerm extractEntry less/badges.less
416 silly gunzTarPerm extractEntry less/navbar.less
417 silly gunzTarPerm extractEntry less/navs.less
418 silly gunzTarPerm extractEntry less/normalize.less
419 silly gunzTarPerm extractEntry less/pager.less
420 silly gunzTarPerm extractEntry less/pagination.less
421 silly gunzTarPerm extractEntry less/panels.less
422 silly gunzTarPerm extractEntry less/popovers.less
423 silly gunzTarPerm extractEntry less/print.less
424 silly gunzTarPerm extractEntry less/progress-bars.less
425 silly gunzTarPerm extractEntry less/responsive-embed.less
426 silly gunzTarPerm extractEntry less/responsive-utilities.less
427 silly gunzTarPerm extractEntry less/scaffolding.less
428 silly gunzTarPerm extractEntry less/tables.less
429 silly gunzTarPerm extractEntry less/theme.less
430 silly gunzTarPerm extractEntry less/thumbnails.less
431 silly gunzTarPerm extractEntry less/tooltip.less
432 silly gunzTarPerm extractEntry less/type.less
433 silly gunzTarPerm extractEntry less/utilities.less
434 silly gunzTarPerm extractEntry less/variables.less
435 silly gunzTarPerm extractEntry less/wells.less
436 silly lockFile 92b2c736--appstore-node-modules-bootstrap tar:///home/han/workspace/meteor/BitTiger-AppStore/appstore/node_modules/bootstrap
437 silly lockFile 92b2c736--appstore-node-modules-bootstrap tar:///home/han/workspace/meteor/BitTiger-AppStore/appstore/node_modules/bootstrap
438 silly lockFile 2d38811d--npm-bootstrap-3-3-6-package-tgz tar:///home/han/.npm/bootstrap/3.3.6/package.tgz
439 silly lockFile 2d38811d--npm-bootstrap-3-3-6-package-tgz tar:///home/han/.npm/bootstrap/3.3.6/package.tgz
440 info preinstall bootstrap@3.3.6
441 verbose readDependencies using package.json deps
442 verbose readDependencies using package.json deps
443 silly resolved []
444 verbose about to build /home/han/workspace/meteor/BitTiger-AppStore/appstore/node_modules/bootstrap
445 info build /home/han/workspace/meteor/BitTiger-AppStore/appstore/node_modules/bootstrap
446 verbose linkStuff [ false,
446 verbose linkStuff   false,
446 verbose linkStuff   false,
446 verbose linkStuff   '/home/han/workspace/meteor/BitTiger-AppStore/appstore/node_modules' ]
447 info linkStuff bootstrap@3.3.6
448 verbose linkBins bootstrap@3.3.6
449 verbose linkMans bootstrap@3.3.6
450 verbose rebuildBundles bootstrap@3.3.6
451 info install bootstrap@3.3.6
452 info postinstall bootstrap@3.3.6
453 error peerinvalid The package react does not satisfy its siblings' peerDependencies requirements!
453 error peerinvalid Peer material-ui@0.15.1 wants react@^15.0.0
453 error peerinvalid Peer react-addons-pure-render-mixin@15.1.0 wants react@^15.1.0
453 error peerinvalid Peer react-dom@15.1.0 wants react@^15.1.0
453 error peerinvalid Peer react-infinite@0.9.2 wants react@^15.0.0
453 error peerinvalid Peer react-router@2.5.1 wants react@^0.14.0 || ^15.0.0
453 error peerinvalid Peer react-tap-event-plugin@1.0.0 wants react@^15.0.0-0
453 error peerinvalid Peer react-addons-create-fragment@15.2.0 wants react@^15.2.0
453 error peerinvalid Peer react-addons-transition-group@15.2.0 wants react@^15.2.0
453 error peerinvalid Peer recompose@0.19.0 wants react@^0.14.0 || ^15.0.0
454 error System Linux 3.19.0-64-generic
455 error command "/usr/bin/nodejs" "/usr/bin/npm" "install" "bootstrap"
456 error cwd /home/han/workspace/meteor/BitTiger-AppStore/appstore
457 error node -v v0.10.25
458 error npm -v 1.3.10
459 error code EPEERINVALID
460 verbose exit [ 1, true ]
